c:\users\carrier family\source\repos\pingpong\pingpong\x64\debug\vc142.pdb
c:\users\carrier family\source\repos\pingpong\pingpong\x64\debug\vc142.idb
c:\users\carrier family\source\repos\pingpong\pingpong\x64\debug\pingpong.obj
c:\users\carrier family\source\repos\pingpong\pingpong\x64\debug\paddle.obj
c:\users\carrier family\source\repos\pingpong\pingpong\x64\debug\ball.obj
c:\users\arcar\onedrive\desktop\import21\repos\pingpong\pingpong\x64\debug\vc142.pdb
c:\users\arcar\onedrive\desktop\import21\repos\pingpong\pingpong\x64\debug\vc142.idb
c:\users\arcar\onedrive\desktop\import21\repos\pingpong\pingpong\x64\debug\pingpong.obj
c:\users\arcar\onedrive\desktop\import21\repos\pingpong\pingpong\x64\debug\paddle.obj
c:\users\arcar\onedrive\desktop\import21\repos\pingpong\pingpong\x64\debug\ball.obj
c:\users\carrier family\source\repos\pingpong\x64\debug\pingpong.exe
c:\users\carrier family\source\repos\pingpong\x64\debug\pingpong.ilk
c:\users\carrier family\source\repos\pingpong\x64\debug\pingpong.pdb
c:\users\arcar\onedrive\desktop\import21\repos\pingpong\x64\debug\pingpong.ilk
c:\users\arcar\onedrive\desktop\import21\repos\pingpong\x64\debug\pingpong.exe
c:\users\arcar\onedrive\desktop\import21\repos\pingpong\x64\debug\pingpong.pdb
c:\users\arcar\onedrive\desktop\import21\repos\pingpong\pingpong\x64\debug\pingpong.tlog\cl.command.1.tlog
c:\users\arcar\onedrive\desktop\import21\repos\pingpong\pingpong\x64\debug\pingpong.tlog\cl.read.1.tlog
c:\users\arcar\onedrive\desktop\import21\repos\pingpong\pingpong\x64\debug\pingpong.tlog\cl.write.1.tlog
c:\users\arcar\onedrive\desktop\import21\repos\pingpong\pingpong\x64\debug\pingpong.tlog\link.command.1.tlog
c:\users\arcar\onedrive\desktop\import21\repos\pingpong\pingpong\x64\debug\pingpong.tlog\link.read.1.tlog
c:\users\arcar\onedrive\desktop\import21\repos\pingpong\pingpong\x64\debug\pingpong.tlog\link.write.1.tlog
